The target system is: Generic -  - arm
The host system is: Linux - 6.8.0-52-generic - x86_64
Compiling the C compiler identification source file "CMakeCCompilerId.c" succeeded.
Compiler: /home/zcy/Documents/arm1/bin/arm-none-eabi-gcc 
Build flags: ;-mcpu=cortex-m4;-mfpu=fpv4-sp-d16;-mfloat-abi=hard;;-Wall;-Wextra;-Wpedantic;-fdata-sections;-ffunction-sections
Id flags: -c 

The output was:
0


Compilation of the C compiler identification source "CMakeCCompilerId.c" produced "CMakeCCompilerId.o"

The C compiler identification is GNU, found in "/home/zcy/Documents/stm/a/build/CMakeFiles/3.22.1/CompilerIdC/CMakeCCompilerId.o"

Compiling the CXX compiler identification source file "CMakeCXXCompilerId.cpp" succeeded.
Compiler: /home/zcy/Documents/arm1/bin/arm-none-eabi-g++ 
Build flags: ;-mcpu=cortex-m4;-mfpu=fpv4-sp-d16;-mfloat-abi=hard;;-Wall;-Wextra;-Wpedantic;-fdata-sections;-ffunction-sections;-fno-rtti;-fno-exceptions;-fno-threadsafe-statics
Id flags: -c 

The output was:
0


Compilation of the CXX compiler identification source "CMakeCXXCompilerId.cpp" produced "CMakeCXXCompilerId.o"

The CXX compiler identification is GNU, found in "/home/zcy/Documents/stm/a/build/CMakeFiles/3.22.1/CompilerIdCXX/CMakeCXXCompilerId.o"

Detecting C compiler ABI info compiled with the following output:
Change Dir: /home/zcy/Documents/stm/a/build/CMakeFiles/CMakeTmp

Run Build Command(s):/usr/bin/ninja cmTC_686c6 && [1/2] Building C object CMakeFiles/cmTC_686c6.dir/CMakeCCompilerABI.c.obj
Using built-in specs.
COLLECT_GCC=/home/zcy/Documents/arm1/bin/arm-none-eabi-gcc
Target: arm-none-eabi
Configured with: /data/jenkins/workspace/GNU-toolchain/arm-13/src/gcc/configure --target=arm-none-eabi --prefix=/data/jenkins/workspace/GNU-toolchain/arm-13/build-arm-none-eabi/install --with-gmp=/data/jenkins/workspace/GNU-toolchain/arm-13/build-arm-none-eabi/host-tools --with-mpfr=/data/jenkins/workspace/GNU-toolchain/arm-13/build-arm-none-eabi/host-tools --with-mpc=/data/jenkins/workspace/GNU-toolchain/arm-13/build-arm-none-eabi/host-tools --with-isl=/data/jenkins/workspace/GNU-toolchain/arm-13/build-arm-none-eabi/host-tools --disable-shared --disable-nls --disable-threads --disable-tls --enable-checking=release --enable-languages=c,c++,fortran --with-newlib --with-gnu-as --with-headers=yes --with-gnu-ld --with-native-system-header-dir=/include --with-sysroot=/data/jenkins/workspace/GNU-toolchain/arm-13/build-arm-none-eabi/install/arm-none-eabi --with-multilib-list=aprofile,rmprofile --with-pkgversion='Arm GNU Toolchain 13.3.Rel1 (Build arm-13.24)' --with-bugurl=https://bugs.linaro.org/
Thread model: single
Supported LTO compression algorithms: zlib
gcc version 13.3.1 20240614 (Arm GNU Toolchain 13.3.Rel1 (Build arm-13.24)) 
COLLECT_GCC_OPTIONS='-mcpu=cortex-m4' '-mfpu=fpv4-sp-d16' '-mfloat-abi=hard' '-Wall' '-Wextra' '-Wpedantic' '-fdata-sections' '-ffunction-sections' '-v' '-std=gnu11' '-o' 'CMakeFiles/cmTC_686c6.dir/CMakeCCompilerABI.c.obj' '-c' '-mthumb' '-mlibarch=armv7e-m+fp' '-march=armv7e-m+fp' '-dumpdir' 'CMakeFiles/cmTC_686c6.dir/'
 /home/zcy/Documents/arm1/bin/../libexec/gcc/arm-none-eabi/13.3.1/cc1 -quiet -v -imultilib thumb/v7e-m+fp/hard -iprefix /home/zcy/Documents/arm1/bin/../lib/gcc/arm-none-eabi/13.3.1/ -isysroot /home/zcy/Documents/arm1/bin/../arm-none-eabi -D__USES_INITFINI__ /usr/share/cmake-3.22/Modules/CMakeCCompilerABI.c -quiet -dumpdir CMakeFiles/cmTC_686c6.dir/ -dumpbase CMakeCCompilerABI.c.c -dumpbase-ext .c -mcpu=cortex-m4 -mfpu=fpv4-sp-d16 -mfloat-abi=hard -mthumb -mlibarch=armv7e-m+fp -march=armv7e-m+fp -Wall -Wextra -Wpedantic -std=gnu11 -version -fdata-sections -ffunction-sections -o /tmp/ccRWnMLF.s
GNU C11 (Arm GNU Toolchain 13.3.Rel1 (Build arm-13.24)) version 13.3.1 20240614 (arm-none-eabi)
	compiled by GNU C version 4.8.5 20150623 (Red Hat 4.8.5-44), GMP version 6.2.1, MPFR version 3.1.6, MPC version 1.0.3, isl version isl-0.15-1-g835ea3a-GMP

GGC heuristics: --param ggc-min-expand=100 --param ggc-min-heapsize=131072
ignoring duplicate directory "/home/zcy/Documents/arm1/bin/../lib/gcc/../../lib/gcc/arm-none-eabi/13.3.1/include"
ignoring nonexistent directory "/home/zcy/Documents/arm1/bin/../arm-none-eabi/usr/local/include"
ignoring duplicate directory "/home/zcy/Documents/arm1/bin/../lib/gcc/../../lib/gcc/arm-none-eabi/13.3.1/include-fixed"
ignoring duplicate directory "/home/zcy/Documents/arm1/bin/../lib/gcc/../../lib/gcc/arm-none-eabi/13.3.1/../../../../arm-none-eabi/include"
ignoring duplicate directory "/home/zcy/Documents/arm1/bin/../arm-none-eabi/include"
#include "..." search starts here:
#include <...> search starts here:
 /home/zcy/Documents/arm1/bin/../lib/gcc/arm-none-eabi/13.3.1/include
 /home/zcy/Documents/arm1/bin/../lib/gcc/arm-none-eabi/13.3.1/include-fixed
 /home/zcy/Documents/arm1/bin/../lib/gcc/arm-none-eabi/13.3.1/../../../../arm-none-eabi/include
End of search list.
Compiler executable checksum: 9c2ae77c272b305506938e8b4c3643b8
COLLECT_GCC_OPTIONS='-mcpu=cortex-m4' '-mfpu=fpv4-sp-d16' '-mfloat-abi=hard' '-Wall' '-Wextra' '-Wpedantic' '-fdata-sections' '-ffunction-sections' '-v' '-std=gnu11' '-o' 'CMakeFiles/cmTC_686c6.dir/CMakeCCompilerABI.c.obj' '-c' '-mthumb' '-mlibarch=armv7e-m+fp' '-march=armv7e-m+fp' '-dumpdir' 'CMakeFiles/cmTC_686c6.dir/'
 /home/zcy/Documents/arm1/bin/../lib/gcc/arm-none-eabi/13.3.1/../../../../arm-none-eabi/bin/as -v -march=armv7e-m+fp -mfloat-abi=hard -mfpu=fpv4-sp-d16 -meabi=5 -o CMakeFiles/cmTC_686c6.dir/CMakeCCompilerABI.c.obj /tmp/ccRWnMLF.s
GNU assembler version 2.42.0 (arm-none-eabi) using BFD version (Arm GNU Toolchain 13.3.Rel1 (Build arm-13.24)) 2.42.0.20240614
COMPILER_PATH=/home/zcy/Documents/arm1/bin/../libexec/gcc/arm-none-eabi/13.3.1/:/home/zcy/Documents/arm1/bin/../libexec/gcc/:/home/zcy/Documents/arm1/bin/../lib/gcc/arm-none-eabi/13.3.1/../../../../arm-none-eabi/bin/
LIBRARY_PATH=/home/zcy/Documents/arm1/bin/../lib/gcc/arm-none-eabi/13.3.1/thumb/v7e-m+fp/hard/:/home/zcy/Documents/arm1/bin/../lib/gcc/arm-none-eabi/13.3.1/../../../../arm-none-eabi/lib/thumb/v7e-m+fp/hard/:/home/zcy/Documents/arm1/bin/../arm-none-eabi/lib/thumb/v7e-m+fp/hard/:/home/zcy/Documents/arm1/bin/../lib/gcc/arm-none-eabi/13.3.1/:/home/zcy/Documents/arm1/bin/../lib/gcc/:/home/zcy/Documents/arm1/bin/../lib/gcc/arm-none-eabi/13.3.1/../../../../arm-none-eabi/lib/:/home/zcy/Documents/arm1/bin/../arm-none-eabi/lib/
COLLECT_GCC_OPTIONS='-mcpu=cortex-m4' '-mfpu=fpv4-sp-d16' '-mfloat-abi=hard' '-Wall' '-Wextra' '-Wpedantic' '-fdata-sections' '-ffunction-sections' '-v' '-std=gnu11' '-o' 'CMakeFiles/cmTC_686c6.dir/CMakeCCompilerABI.c.obj' '-c' '-mthumb' '-mlibarch=armv7e-m+fp' '-march=armv7e-m+fp' '-dumpdir' 'CMakeFiles/cmTC_686c6.dir/CMakeCCompilerABI.c.'
[2/2] Linking C static library libcmTC_686c6.a



Parsed C implicit include dir info from above output: rv=done
  found start of include info
  found start of implicit include info
    add: [/home/zcy/Documents/arm1/bin/../lib/gcc/arm-none-eabi/13.3.1/include]
    add: [/home/zcy/Documents/arm1/bin/../lib/gcc/arm-none-eabi/13.3.1/include-fixed]
    add: [/home/zcy/Documents/arm1/bin/../lib/gcc/arm-none-eabi/13.3.1/../../../../arm-none-eabi/include]
  end of search list found
  collapse include dir [/home/zcy/Documents/arm1/bin/../lib/gcc/arm-none-eabi/13.3.1/include] ==> [/home/zcy/Documents/arm1/lib/gcc/arm-none-eabi/13.3.1/include]
  collapse include dir [/home/zcy/Documents/arm1/bin/../lib/gcc/arm-none-eabi/13.3.1/include-fixed] ==> [/home/zcy/Documents/arm1/lib/gcc/arm-none-eabi/13.3.1/include-fixed]
  collapse include dir [/home/zcy/Documents/arm1/bin/../lib/gcc/arm-none-eabi/13.3.1/../../../../arm-none-eabi/include] ==> [/home/zcy/Documents/arm1/arm-none-eabi/include]
  implicit include dirs: [/home/zcy/Documents/arm1/lib/gcc/arm-none-eabi/13.3.1/include;/home/zcy/Documents/arm1/lib/gcc/arm-none-eabi/13.3.1/include-fixed;/home/zcy/Documents/arm1/arm-none-eabi/include]


Parsed C implicit link information from above output:
  link line regex: [^( *|.*[/\])(arm-none-eabi-g\+\+|CMAKE_LINK_STARTFILE-NOTFOUND|([^/\]+-)?ld|collect2)[^/\]*( |$)]
  ignore line: [Change Dir: /home/zcy/Documents/stm/a/build/CMakeFiles/CMakeTmp]
  ignore line: []
  ignore line: [Run Build Command(s):/usr/bin/ninja cmTC_686c6 && [1/2] Building C object CMakeFiles/cmTC_686c6.dir/CMakeCCompilerABI.c.obj]
  ignore line: [Using built-in specs.]
  ignore line: [COLLECT_GCC=/home/zcy/Documents/arm1/bin/arm-none-eabi-gcc]
  ignore line: [Target: arm-none-eabi]
  ignore line: [Configured with: /data/jenkins/workspace/GNU-toolchain/arm-13/src/gcc/configure --target=arm-none-eabi --prefix=/data/jenkins/workspace/GNU-toolchain/arm-13/build-arm-none-eabi/install --with-gmp=/data/jenkins/workspace/GNU-toolchain/arm-13/build-arm-none-eabi/host-tools --with-mpfr=/data/jenkins/workspace/GNU-toolchain/arm-13/build-arm-none-eabi/host-tools --with-mpc=/data/jenkins/workspace/GNU-toolchain/arm-13/build-arm-none-eabi/host-tools --with-isl=/data/jenkins/workspace/GNU-toolchain/arm-13/build-arm-none-eabi/host-tools --disable-shared --disable-nls --disable-threads --disable-tls --enable-checking=release --enable-languages=c,c++,fortran --with-newlib --with-gnu-as --with-headers=yes --with-gnu-ld --with-native-system-header-dir=/include --with-sysroot=/data/jenkins/workspace/GNU-toolchain/arm-13/build-arm-none-eabi/install/arm-none-eabi --with-multilib-list=aprofile,rmprofile --with-pkgversion='Arm GNU Toolchain 13.3.Rel1 (Build arm-13.24)' --with-bugurl=https://bugs.linaro.org/]
  ignore line: [Thread model: single]
  ignore line: [Supported LTO compression algorithms: zlib]
  ignore line: [gcc version 13.3.1 20240614 (Arm GNU Toolchain 13.3.Rel1 (Build arm-13.24)) ]
  ignore line: [COLLECT_GCC_OPTIONS='-mcpu=cortex-m4' '-mfpu=fpv4-sp-d16' '-mfloat-abi=hard' '-Wall' '-Wextra' '-Wpedantic' '-fdata-sections' '-ffunction-sections' '-v' '-std=gnu11' '-o' 'CMakeFiles/cmTC_686c6.dir/CMakeCCompilerABI.c.obj' '-c' '-mthumb' '-mlibarch=armv7e-m+fp' '-march=armv7e-m+fp' '-dumpdir' 'CMakeFiles/cmTC_686c6.dir/']
  ignore line: [ /home/zcy/Documents/arm1/bin/../libexec/gcc/arm-none-eabi/13.3.1/cc1 -quiet -v -imultilib thumb/v7e-m+fp/hard -iprefix /home/zcy/Documents/arm1/bin/../lib/gcc/arm-none-eabi/13.3.1/ -isysroot /home/zcy/Documents/arm1/bin/../arm-none-eabi -D__USES_INITFINI__ /usr/share/cmake-3.22/Modules/CMakeCCompilerABI.c -quiet -dumpdir CMakeFiles/cmTC_686c6.dir/ -dumpbase CMakeCCompilerABI.c.c -dumpbase-ext .c -mcpu=cortex-m4 -mfpu=fpv4-sp-d16 -mfloat-abi=hard -mthumb -mlibarch=armv7e-m+fp -march=armv7e-m+fp -Wall -Wextra -Wpedantic -std=gnu11 -version -fdata-sections -ffunction-sections -o /tmp/ccRWnMLF.s]
  ignore line: [GNU C11 (Arm GNU Toolchain 13.3.Rel1 (Build arm-13.24)) version 13.3.1 20240614 (arm-none-eabi)]
  ignore line: [	compiled by GNU C version 4.8.5 20150623 (Red Hat 4.8.5-44)  GMP version 6.2.1  MPFR version 3.1.6  MPC version 1.0.3  isl version isl-0.15-1-g835ea3a-GMP]
  ignore line: []
  ignore line: [GGC heuristics: --param ggc-min-expand=100 --param ggc-min-heapsize=131072]
  ignore line: [ignoring duplicate directory "/home/zcy/Documents/arm1/bin/../lib/gcc/../../lib/gcc/arm-none-eabi/13.3.1/include"]
  ignore line: [ignoring nonexistent directory "/home/zcy/Documents/arm1/bin/../arm-none-eabi/usr/local/include"]
  ignore line: [ignoring duplicate directory "/home/zcy/Documents/arm1/bin/../lib/gcc/../../lib/gcc/arm-none-eabi/13.3.1/include-fixed"]
  ignore line: [ignoring duplicate directory "/home/zcy/Documents/arm1/bin/../lib/gcc/../../lib/gcc/arm-none-eabi/13.3.1/../../../../arm-none-eabi/include"]
  ignore line: [ignoring duplicate directory "/home/zcy/Documents/arm1/bin/../arm-none-eabi/include"]
  ignore line: [#include "..." search starts here:]
  ignore line: [#include <...> search starts here:]
  ignore line: [ /home/zcy/Documents/arm1/bin/../lib/gcc/arm-none-eabi/13.3.1/include]
  ignore line: [ /home/zcy/Documents/arm1/bin/../lib/gcc/arm-none-eabi/13.3.1/include-fixed]
  ignore line: [ /home/zcy/Documents/arm1/bin/../lib/gcc/arm-none-eabi/13.3.1/../../../../arm-none-eabi/include]
  ignore line: [End of search list.]
  ignore line: [Compiler executable checksum: 9c2ae77c272b305506938e8b4c3643b8]
  ignore line: [COLLECT_GCC_OPTIONS='-mcpu=cortex-m4' '-mfpu=fpv4-sp-d16' '-mfloat-abi=hard' '-Wall' '-Wextra' '-Wpedantic' '-fdata-sections' '-ffunction-sections' '-v' '-std=gnu11' '-o' 'CMakeFiles/cmTC_686c6.dir/CMakeCCompilerABI.c.obj' '-c' '-mthumb' '-mlibarch=armv7e-m+fp' '-march=armv7e-m+fp' '-dumpdir' 'CMakeFiles/cmTC_686c6.dir/']
  ignore line: [ /home/zcy/Documents/arm1/bin/../lib/gcc/arm-none-eabi/13.3.1/../../../../arm-none-eabi/bin/as -v -march=armv7e-m+fp -mfloat-abi=hard -mfpu=fpv4-sp-d16 -meabi=5 -o CMakeFiles/cmTC_686c6.dir/CMakeCCompilerABI.c.obj /tmp/ccRWnMLF.s]
  ignore line: [GNU assembler version 2.42.0 (arm-none-eabi) using BFD version (Arm GNU Toolchain 13.3.Rel1 (Build arm-13.24)) 2.42.0.20240614]
  ignore line: [COMPILER_PATH=/home/zcy/Documents/arm1/bin/../libexec/gcc/arm-none-eabi/13.3.1/:/home/zcy/Documents/arm1/bin/../libexec/gcc/:/home/zcy/Documents/arm1/bin/../lib/gcc/arm-none-eabi/13.3.1/../../../../arm-none-eabi/bin/]
  ignore line: [LIBRARY_PATH=/home/zcy/Documents/arm1/bin/../lib/gcc/arm-none-eabi/13.3.1/thumb/v7e-m+fp/hard/:/home/zcy/Documents/arm1/bin/../lib/gcc/arm-none-eabi/13.3.1/../../../../arm-none-eabi/lib/thumb/v7e-m+fp/hard/:/home/zcy/Documents/arm1/bin/../arm-none-eabi/lib/thumb/v7e-m+fp/hard/:/home/zcy/Documents/arm1/bin/../lib/gcc/arm-none-eabi/13.3.1/:/home/zcy/Documents/arm1/bin/../lib/gcc/:/home/zcy/Documents/arm1/bin/../lib/gcc/arm-none-eabi/13.3.1/../../../../arm-none-eabi/lib/:/home/zcy/Documents/arm1/bin/../arm-none-eabi/lib/]
  ignore line: [COLLECT_GCC_OPTIONS='-mcpu=cortex-m4' '-mfpu=fpv4-sp-d16' '-mfloat-abi=hard' '-Wall' '-Wextra' '-Wpedantic' '-fdata-sections' '-ffunction-sections' '-v' '-std=gnu11' '-o' 'CMakeFiles/cmTC_686c6.dir/CMakeCCompilerABI.c.obj' '-c' '-mthumb' '-mlibarch=armv7e-m+fp' '-march=armv7e-m+fp' '-dumpdir' 'CMakeFiles/cmTC_686c6.dir/CMakeCCompilerABI.c.']
  ignore line: [[2/2] Linking C static library libcmTC_686c6.a]
  ignore line: []
  ignore line: []
  implicit libs: []
  implicit objs: []
  implicit dirs: []
  implicit fwks: []


Detecting CXX compiler ABI info compiled with the following output:
Change Dir: /home/zcy/Documents/stm/a/build/CMakeFiles/CMakeTmp

Run Build Command(s):/usr/bin/ninja cmTC_feb1b && [1/2] Building CXX object CMakeFiles/cmTC_feb1b.dir/CMakeCXXCompilerABI.cpp.obj
Using built-in specs.
COLLECT_GCC=/home/zcy/Documents/arm1/bin/arm-none-eabi-g++
Target: arm-none-eabi
Configured with: /data/jenkins/workspace/GNU-toolchain/arm-13/src/gcc/configure --target=arm-none-eabi --prefix=/data/jenkins/workspace/GNU-toolchain/arm-13/build-arm-none-eabi/install --with-gmp=/data/jenkins/workspace/GNU-toolchain/arm-13/build-arm-none-eabi/host-tools --with-mpfr=/data/jenkins/workspace/GNU-toolchain/arm-13/build-arm-none-eabi/host-tools --with-mpc=/data/jenkins/workspace/GNU-toolchain/arm-13/build-arm-none-eabi/host-tools --with-isl=/data/jenkins/workspace/GNU-toolchain/arm-13/build-arm-none-eabi/host-tools --disable-shared --disable-nls --disable-threads --disable-tls --enable-checking=release --enable-languages=c,c++,fortran --with-newlib --with-gnu-as --with-headers=yes --with-gnu-ld --with-native-system-header-dir=/include --with-sysroot=/data/jenkins/workspace/GNU-toolchain/arm-13/build-arm-none-eabi/install/arm-none-eabi --with-multilib-list=aprofile,rmprofile --with-pkgversion='Arm GNU Toolchain 13.3.Rel1 (Build arm-13.24)' --with-bugurl=https://bugs.linaro.org/
Thread model: single
Supported LTO compression algorithms: zlib
gcc version 13.3.1 20240614 (Arm GNU Toolchain 13.3.Rel1 (Build arm-13.24)) 
COLLECT_GCC_OPTIONS='-mcpu=cortex-m4' '-mfpu=fpv4-sp-d16' '-mfloat-abi=hard' '-Wall' '-Wextra' '-Wpedantic' '-fdata-sections' '-ffunction-sections' '-fno-rtti' '-fno-exceptions' '-fno-threadsafe-statics' '-v' '-o' 'CMakeFiles/cmTC_feb1b.dir/CMakeCXXCompilerABI.cpp.obj' '-c' '-mthumb' '-mlibarch=armv7e-m+fp' '-march=armv7e-m+fp' '-dumpdir' 'CMakeFiles/cmTC_feb1b.dir/'
 /home/zcy/Documents/arm1/bin/../libexec/gcc/arm-none-eabi/13.3.1/cc1plus -quiet -v -imultilib thumb/v7e-m+fp/hard -iprefix /home/zcy/Documents/arm1/bin/../lib/gcc/arm-none-eabi/13.3.1/ -isysroot /home/zcy/Documents/arm1/bin/../arm-none-eabi -D__USES_INITFINI__ /usr/share/cmake-3.22/Modules/CMakeCXXCompilerABI.cpp -quiet -dumpdir CMakeFiles/cmTC_feb1b.dir/ -dumpbase CMakeCXXCompilerABI.cpp.cpp -dumpbase-ext .cpp -mcpu=cortex-m4 -mfpu=fpv4-sp-d16 -mfloat-abi=hard -mthumb -mlibarch=armv7e-m+fp -march=armv7e-m+fp -Wall -Wextra -Wpedantic -version -fdata-sections -ffunction-sections -fno-rtti -fno-exceptions -fno-threadsafe-statics -o /tmp/ccnYS5aI.s
GNU C++17 (Arm GNU Toolchain 13.3.Rel1 (Build arm-13.24)) version 13.3.1 20240614 (arm-none-eabi)
	compiled by GNU C version 4.8.5 20150623 (Red Hat 4.8.5-44), GMP version 6.2.1, MPFR version 3.1.6, MPC version 1.0.3, isl version isl-0.15-1-g835ea3a-GMP

GGC heuristics: --param ggc-min-expand=100 --param ggc-min-heapsize=131072
ignoring duplicate directory "/home/zcy/Documents/arm1/bin/../lib/gcc/../../lib/gcc/arm-none-eabi/13.3.1/../../../../arm-none-eabi/include/c++/13.3.1"
ignoring duplicate directory "/home/zcy/Documents/arm1/bin/../lib/gcc/../../lib/gcc/arm-none-eabi/13.3.1/../../../../arm-none-eabi/include/c++/13.3.1/arm-none-eabi/thumb/v7e-m+fp/hard"
ignoring duplicate directory "/home/zcy/Documents/arm1/bin/../lib/gcc/../../lib/gcc/arm-none-eabi/13.3.1/../../../../arm-none-eabi/include/c++/13.3.1/backward"
ignoring duplicate directory "/home/zcy/Documents/arm1/bin/../lib/gcc/../../lib/gcc/arm-none-eabi/13.3.1/include"
ignoring nonexistent directory "/home/zcy/Documents/arm1/bin/../arm-none-eabi/usr/local/include"
ignoring duplicate directory "/home/zcy/Documents/arm1/bin/../lib/gcc/../../lib/gcc/arm-none-eabi/13.3.1/include-fixed"
ignoring duplicate directory "/home/zcy/Documents/arm1/bin/../lib/gcc/../../lib/gcc/arm-none-eabi/13.3.1/../../../../arm-none-eabi/include"
ignoring duplicate directory "/home/zcy/Documents/arm1/bin/../arm-none-eabi/include"
#include "..." search starts here:
#include <...> search starts here:
 /home/zcy/Documents/arm1/bin/../lib/gcc/arm-none-eabi/13.3.1/../../../../arm-none-eabi/include/c++/13.3.1
 /home/zcy/Documents/arm1/bin/../lib/gcc/arm-none-eabi/13.3.1/../../../../arm-none-eabi/include/c++/13.3.1/arm-none-eabi/thumb/v7e-m+fp/hard
 /home/zcy/Documents/arm1/bin/../lib/gcc/arm-none-eabi/13.3.1/../../../../arm-none-eabi/include/c++/13.3.1/backward
 /home/zcy/Documents/arm1/bin/../lib/gcc/arm-none-eabi/13.3.1/include
 /home/zcy/Documents/arm1/bin/../lib/gcc/arm-none-eabi/13.3.1/include-fixed
 /home/zcy/Documents/arm1/bin/../lib/gcc/arm-none-eabi/13.3.1/../../../../arm-none-eabi/include
End of search list.
Compiler executable checksum: 69c9079aa1e4c9516429742f1abb9d10
COLLECT_GCC_OPTIONS='-mcpu=cortex-m4' '-mfpu=fpv4-sp-d16' '-mfloat-abi=hard' '-Wall' '-Wextra' '-Wpedantic' '-fdata-sections' '-ffunction-sections' '-fno-rtti' '-fno-exceptions' '-fno-threadsafe-statics' '-v' '-o' 'CMakeFiles/cmTC_feb1b.dir/CMakeCXXCompilerABI.cpp.obj' '-c' '-mthumb' '-mlibarch=armv7e-m+fp' '-march=armv7e-m+fp' '-dumpdir' 'CMakeFiles/cmTC_feb1b.dir/'
 /home/zcy/Documents/arm1/bin/../lib/gcc/arm-none-eabi/13.3.1/../../../../arm-none-eabi/bin/as -v -march=armv7e-m+fp -mfloat-abi=hard -mfpu=fpv4-sp-d16 -meabi=5 -o CMakeFiles/cmTC_feb1b.dir/CMakeCXXCompilerABI.cpp.obj /tmp/ccnYS5aI.s
GNU assembler version 2.42.0 (arm-none-eabi) using BFD version (Arm GNU Toolchain 13.3.Rel1 (Build arm-13.24)) 2.42.0.20240614
COMPILER_PATH=/home/zcy/Documents/arm1/bin/../libexec/gcc/arm-none-eabi/13.3.1/:/home/zcy/Documents/arm1/bin/../libexec/gcc/:/home/zcy/Documents/arm1/bin/../lib/gcc/arm-none-eabi/13.3.1/../../../../arm-none-eabi/bin/
LIBRARY_PATH=/home/zcy/Documents/arm1/bin/../lib/gcc/arm-none-eabi/13.3.1/thumb/v7e-m+fp/hard/:/home/zcy/Documents/arm1/bin/../lib/gcc/arm-none-eabi/13.3.1/../../../../arm-none-eabi/lib/thumb/v7e-m+fp/hard/:/home/zcy/Documents/arm1/bin/../arm-none-eabi/lib/thumb/v7e-m+fp/hard/:/home/zcy/Documents/arm1/bin/../lib/gcc/arm-none-eabi/13.3.1/:/home/zcy/Documents/arm1/bin/../lib/gcc/:/home/zcy/Documents/arm1/bin/../lib/gcc/arm-none-eabi/13.3.1/../../../../arm-none-eabi/lib/:/home/zcy/Documents/arm1/bin/../arm-none-eabi/lib/
COLLECT_GCC_OPTIONS='-mcpu=cortex-m4' '-mfpu=fpv4-sp-d16' '-mfloat-abi=hard' '-Wall' '-Wextra' '-Wpedantic' '-fdata-sections' '-ffunction-sections' '-fno-rtti' '-fno-exceptions' '-fno-threadsafe-statics' '-v' '-o' 'CMakeFiles/cmTC_feb1b.dir/CMakeCXXCompilerABI.cpp.obj' '-c' '-mthumb' '-mlibarch=armv7e-m+fp' '-march=armv7e-m+fp' '-dumpdir' 'CMakeFiles/cmTC_feb1b.dir/CMakeCXXCompilerABI.cpp.'
[2/2] Linking CXX static library libcmTC_feb1b.a



Parsed CXX implicit include dir info from above output: rv=done
  found start of include info
  found start of implicit include info
    add: [/home/zcy/Documents/arm1/bin/../lib/gcc/arm-none-eabi/13.3.1/../../../../arm-none-eabi/include/c++/13.3.1]
    add: [/home/zcy/Documents/arm1/bin/../lib/gcc/arm-none-eabi/13.3.1/../../../../arm-none-eabi/include/c++/13.3.1/arm-none-eabi/thumb/v7e-m+fp/hard]
    add: [/home/zcy/Documents/arm1/bin/../lib/gcc/arm-none-eabi/13.3.1/../../../../arm-none-eabi/include/c++/13.3.1/backward]
    add: [/home/zcy/Documents/arm1/bin/../lib/gcc/arm-none-eabi/13.3.1/include]
    add: [/home/zcy/Documents/arm1/bin/../lib/gcc/arm-none-eabi/13.3.1/include-fixed]
    add: [/home/zcy/Documents/arm1/bin/../lib/gcc/arm-none-eabi/13.3.1/../../../../arm-none-eabi/include]
  end of search list found
  collapse include dir [/home/zcy/Documents/arm1/bin/../lib/gcc/arm-none-eabi/13.3.1/../../../../arm-none-eabi/include/c++/13.3.1] ==> [/home/zcy/Documents/arm1/arm-none-eabi/include/c++/13.3.1]
  collapse include dir [/home/zcy/Documents/arm1/bin/../lib/gcc/arm-none-eabi/13.3.1/../../../../arm-none-eabi/include/c++/13.3.1/arm-none-eabi/thumb/v7e-m+fp/hard] ==> [/home/zcy/Documents/arm1/arm-none-eabi/include/c++/13.3.1/arm-none-eabi/thumb/v7e-m+fp/hard]
  collapse include dir [/home/zcy/Documents/arm1/bin/../lib/gcc/arm-none-eabi/13.3.1/../../../../arm-none-eabi/include/c++/13.3.1/backward] ==> [/home/zcy/Documents/arm1/arm-none-eabi/include/c++/13.3.1/backward]
  collapse include dir [/home/zcy/Documents/arm1/bin/../lib/gcc/arm-none-eabi/13.3.1/include] ==> [/home/zcy/Documents/arm1/lib/gcc/arm-none-eabi/13.3.1/include]
  collapse include dir [/home/zcy/Documents/arm1/bin/../lib/gcc/arm-none-eabi/13.3.1/include-fixed] ==> [/home/zcy/Documents/arm1/lib/gcc/arm-none-eabi/13.3.1/include-fixed]
  collapse include dir [/home/zcy/Documents/arm1/bin/../lib/gcc/arm-none-eabi/13.3.1/../../../../arm-none-eabi/include] ==> [/home/zcy/Documents/arm1/arm-none-eabi/include]
  implicit include dirs: [/home/zcy/Documents/arm1/arm-none-eabi/include/c++/13.3.1;/home/zcy/Documents/arm1/arm-none-eabi/include/c++/13.3.1/arm-none-eabi/thumb/v7e-m+fp/hard;/home/zcy/Documents/arm1/arm-none-eabi/include/c++/13.3.1/backward;/home/zcy/Documents/arm1/lib/gcc/arm-none-eabi/13.3.1/include;/home/zcy/Documents/arm1/lib/gcc/arm-none-eabi/13.3.1/include-fixed;/home/zcy/Documents/arm1/arm-none-eabi/include]


Parsed CXX implicit link information from above output:
  link line regex: [^( *|.*[/\])(arm-none-eabi-g\+\+|CMAKE_LINK_STARTFILE-NOTFOUND|([^/\]+-)?ld|collect2)[^/\]*( |$)]
  ignore line: [Change Dir: /home/zcy/Documents/stm/a/build/CMakeFiles/CMakeTmp]
  ignore line: []
  ignore line: [Run Build Command(s):/usr/bin/ninja cmTC_feb1b && [1/2] Building CXX object CMakeFiles/cmTC_feb1b.dir/CMakeCXXCompilerABI.cpp.obj]
  ignore line: [Using built-in specs.]
  ignore line: [COLLECT_GCC=/home/zcy/Documents/arm1/bin/arm-none-eabi-g++]
  ignore line: [Target: arm-none-eabi]
  ignore line: [Configured with: /data/jenkins/workspace/GNU-toolchain/arm-13/src/gcc/configure --target=arm-none-eabi --prefix=/data/jenkins/workspace/GNU-toolchain/arm-13/build-arm-none-eabi/install --with-gmp=/data/jenkins/workspace/GNU-toolchain/arm-13/build-arm-none-eabi/host-tools --with-mpfr=/data/jenkins/workspace/GNU-toolchain/arm-13/build-arm-none-eabi/host-tools --with-mpc=/data/jenkins/workspace/GNU-toolchain/arm-13/build-arm-none-eabi/host-tools --with-isl=/data/jenkins/workspace/GNU-toolchain/arm-13/build-arm-none-eabi/host-tools --disable-shared --disable-nls --disable-threads --disable-tls --enable-checking=release --enable-languages=c,c++,fortran --with-newlib --with-gnu-as --with-headers=yes --with-gnu-ld --with-native-system-header-dir=/include --with-sysroot=/data/jenkins/workspace/GNU-toolchain/arm-13/build-arm-none-eabi/install/arm-none-eabi --with-multilib-list=aprofile,rmprofile --with-pkgversion='Arm GNU Toolchain 13.3.Rel1 (Build arm-13.24)' --with-bugurl=https://bugs.linaro.org/]
  ignore line: [Thread model: single]
  ignore line: [Supported LTO compression algorithms: zlib]
  ignore line: [gcc version 13.3.1 20240614 (Arm GNU Toolchain 13.3.Rel1 (Build arm-13.24)) ]
  ignore line: [COLLECT_GCC_OPTIONS='-mcpu=cortex-m4' '-mfpu=fpv4-sp-d16' '-mfloat-abi=hard' '-Wall' '-Wextra' '-Wpedantic' '-fdata-sections' '-ffunction-sections' '-fno-rtti' '-fno-exceptions' '-fno-threadsafe-statics' '-v' '-o' 'CMakeFiles/cmTC_feb1b.dir/CMakeCXXCompilerABI.cpp.obj' '-c' '-mthumb' '-mlibarch=armv7e-m+fp' '-march=armv7e-m+fp' '-dumpdir' 'CMakeFiles/cmTC_feb1b.dir/']
  ignore line: [ /home/zcy/Documents/arm1/bin/../libexec/gcc/arm-none-eabi/13.3.1/cc1plus -quiet -v -imultilib thumb/v7e-m+fp/hard -iprefix /home/zcy/Documents/arm1/bin/../lib/gcc/arm-none-eabi/13.3.1/ -isysroot /home/zcy/Documents/arm1/bin/../arm-none-eabi -D__USES_INITFINI__ /usr/share/cmake-3.22/Modules/CMakeCXXCompilerABI.cpp -quiet -dumpdir CMakeFiles/cmTC_feb1b.dir/ -dumpbase CMakeCXXCompilerABI.cpp.cpp -dumpbase-ext .cpp -mcpu=cortex-m4 -mfpu=fpv4-sp-d16 -mfloat-abi=hard -mthumb -mlibarch=armv7e-m+fp -march=armv7e-m+fp -Wall -Wextra -Wpedantic -version -fdata-sections -ffunction-sections -fno-rtti -fno-exceptions -fno-threadsafe-statics -o /tmp/ccnYS5aI.s]
  ignore line: [GNU C++17 (Arm GNU Toolchain 13.3.Rel1 (Build arm-13.24)) version 13.3.1 20240614 (arm-none-eabi)]
  ignore line: [	compiled by GNU C version 4.8.5 20150623 (Red Hat 4.8.5-44)  GMP version 6.2.1  MPFR version 3.1.6  MPC version 1.0.3  isl version isl-0.15-1-g835ea3a-GMP]
  ignore line: []
  ignore line: [GGC heuristics: --param ggc-min-expand=100 --param ggc-min-heapsize=131072]
  ignore line: [ignoring duplicate directory "/home/zcy/Documents/arm1/bin/../lib/gcc/../../lib/gcc/arm-none-eabi/13.3.1/../../../../arm-none-eabi/include/c++/13.3.1"]
  ignore line: [ignoring duplicate directory "/home/zcy/Documents/arm1/bin/../lib/gcc/../../lib/gcc/arm-none-eabi/13.3.1/../../../../arm-none-eabi/include/c++/13.3.1/arm-none-eabi/thumb/v7e-m+fp/hard"]
  ignore line: [ignoring duplicate directory "/home/zcy/Documents/arm1/bin/../lib/gcc/../../lib/gcc/arm-none-eabi/13.3.1/../../../../arm-none-eabi/include/c++/13.3.1/backward"]
  ignore line: [ignoring duplicate directory "/home/zcy/Documents/arm1/bin/../lib/gcc/../../lib/gcc/arm-none-eabi/13.3.1/include"]
  ignore line: [ignoring nonexistent directory "/home/zcy/Documents/arm1/bin/../arm-none-eabi/usr/local/include"]
  ignore line: [ignoring duplicate directory "/home/zcy/Documents/arm1/bin/../lib/gcc/../../lib/gcc/arm-none-eabi/13.3.1/include-fixed"]
  ignore line: [ignoring duplicate directory "/home/zcy/Documents/arm1/bin/../lib/gcc/../../lib/gcc/arm-none-eabi/13.3.1/../../../../arm-none-eabi/include"]
  ignore line: [ignoring duplicate directory "/home/zcy/Documents/arm1/bin/../arm-none-eabi/include"]
  ignore line: [#include "..." search starts here:]
  ignore line: [#include <...> search starts here:]
  ignore line: [ /home/zcy/Documents/arm1/bin/../lib/gcc/arm-none-eabi/13.3.1/../../../../arm-none-eabi/include/c++/13.3.1]
  ignore line: [ /home/zcy/Documents/arm1/bin/../lib/gcc/arm-none-eabi/13.3.1/../../../../arm-none-eabi/include/c++/13.3.1/arm-none-eabi/thumb/v7e-m+fp/hard]
  ignore line: [ /home/zcy/Documents/arm1/bin/../lib/gcc/arm-none-eabi/13.3.1/../../../../arm-none-eabi/include/c++/13.3.1/backward]
  ignore line: [ /home/zcy/Documents/arm1/bin/../lib/gcc/arm-none-eabi/13.3.1/include]
  ignore line: [ /home/zcy/Documents/arm1/bin/../lib/gcc/arm-none-eabi/13.3.1/include-fixed]
  ignore line: [ /home/zcy/Documents/arm1/bin/../lib/gcc/arm-none-eabi/13.3.1/../../../../arm-none-eabi/include]
  ignore line: [End of search list.]
  ignore line: [Compiler executable checksum: 69c9079aa1e4c9516429742f1abb9d10]
  ignore line: [COLLECT_GCC_OPTIONS='-mcpu=cortex-m4' '-mfpu=fpv4-sp-d16' '-mfloat-abi=hard' '-Wall' '-Wextra' '-Wpedantic' '-fdata-sections' '-ffunction-sections' '-fno-rtti' '-fno-exceptions' '-fno-threadsafe-statics' '-v' '-o' 'CMakeFiles/cmTC_feb1b.dir/CMakeCXXCompilerABI.cpp.obj' '-c' '-mthumb' '-mlibarch=armv7e-m+fp' '-march=armv7e-m+fp' '-dumpdir' 'CMakeFiles/cmTC_feb1b.dir/']
  ignore line: [ /home/zcy/Documents/arm1/bin/../lib/gcc/arm-none-eabi/13.3.1/../../../../arm-none-eabi/bin/as -v -march=armv7e-m+fp -mfloat-abi=hard -mfpu=fpv4-sp-d16 -meabi=5 -o CMakeFiles/cmTC_feb1b.dir/CMakeCXXCompilerABI.cpp.obj /tmp/ccnYS5aI.s]
  ignore line: [GNU assembler version 2.42.0 (arm-none-eabi) using BFD version (Arm GNU Toolchain 13.3.Rel1 (Build arm-13.24)) 2.42.0.20240614]
  ignore line: [COMPILER_PATH=/home/zcy/Documents/arm1/bin/../libexec/gcc/arm-none-eabi/13.3.1/:/home/zcy/Documents/arm1/bin/../libexec/gcc/:/home/zcy/Documents/arm1/bin/../lib/gcc/arm-none-eabi/13.3.1/../../../../arm-none-eabi/bin/]
  ignore line: [LIBRARY_PATH=/home/zcy/Documents/arm1/bin/../lib/gcc/arm-none-eabi/13.3.1/thumb/v7e-m+fp/hard/:/home/zcy/Documents/arm1/bin/../lib/gcc/arm-none-eabi/13.3.1/../../../../arm-none-eabi/lib/thumb/v7e-m+fp/hard/:/home/zcy/Documents/arm1/bin/../arm-none-eabi/lib/thumb/v7e-m+fp/hard/:/home/zcy/Documents/arm1/bin/../lib/gcc/arm-none-eabi/13.3.1/:/home/zcy/Documents/arm1/bin/../lib/gcc/:/home/zcy/Documents/arm1/bin/../lib/gcc/arm-none-eabi/13.3.1/../../../../arm-none-eabi/lib/:/home/zcy/Documents/arm1/bin/../arm-none-eabi/lib/]
  ignore line: [COLLECT_GCC_OPTIONS='-mcpu=cortex-m4' '-mfpu=fpv4-sp-d16' '-mfloat-abi=hard' '-Wall' '-Wextra' '-Wpedantic' '-fdata-sections' '-ffunction-sections' '-fno-rtti' '-fno-exceptions' '-fno-threadsafe-statics' '-v' '-o' 'CMakeFiles/cmTC_feb1b.dir/CMakeCXXCompilerABI.cpp.obj' '-c' '-mthumb' '-mlibarch=armv7e-m+fp' '-march=armv7e-m+fp' '-dumpdir' 'CMakeFiles/cmTC_feb1b.dir/CMakeCXXCompilerABI.cpp.']
  ignore line: [[2/2] Linking CXX static library libcmTC_feb1b.a]
  ignore line: []
  ignore line: []
  implicit libs: []
  implicit objs: []
  implicit dirs: []
  implicit fwks: []


Checking whether the ASM compiler is GNU using "--version" matched "(GNU assembler)|(GCC)|(Free Software Foundation)":
arm-none-eabi-gcc (Arm GNU Toolchain 13.3.Rel1 (Build arm-13.24)) 13.3.1 20240614
Copyright (C) 2023 Free Software Foundation, Inc.
This is free software; see the source for copying conditions.  There is NO
warranty; not even for MERCHANTABILITY or FITNESS FOR A PARTICULAR PURPOSE.

